d:\csc8502 2018\nclgl\debug\nclgl.pdb
d:\csc8502 2018\nclgl\debug\nclgl.idb
d:\csc8502 2018\nclgl\debug\gametimer.obj
d:\csc8502 2018\nclgl\debug\keyboard.obj
d:\csc8502 2018\nclgl\debug\matrix4.obj
d:\csc8502 2018\nclgl\debug\md5anim.obj
d:\csc8502 2018\nclgl\debug\md5filedata.obj
d:\csc8502 2018\nclgl\debug\md5mesh.obj
d:\csc8502 2018\nclgl\debug\md5node.obj
d:\csc8502 2018\nclgl\debug\mouse.obj
d:\csc8502 2018\nclgl\debug\quaternion.obj
d:\csc8502 2018\nclgl\debug\camera.obj
d:\csc8502 2018\nclgl\debug\mesh.obj
d:\csc8502 2018\nclgl\debug\objmesh.obj
d:\csc8502 2018\nclgl\debug\oglrenderer.obj
d:\csc8502 2018\nclgl\debug\shader.obj
d:\csc8502 2018\nclgl\debug\window.obj
d:\csc8502 2018\graphics for games\debug\nclgl.lib
d:\csc8502 2018\graphics for games\debug\nclgl.pdb
d:\csc8502 2018\nclgl\debug\nclgl.tlog\cl.command.1.tlog
d:\csc8502 2018\nclgl\debug\nclgl.tlog\cl.read.1.tlog
d:\csc8502 2018\nclgl\debug\nclgl.tlog\cl.write.1.tlog
d:\csc8502 2018\nclgl\debug\nclgl.tlog\lib-link.read.1.tlog
d:\csc8502 2018\nclgl\debug\nclgl.tlog\lib-link.write.1.tlog
d:\csc8502 2018\nclgl\debug\nclgl.tlog\lib.command.1.tlog
