  Camera.cpp
  GameTimer.cpp
  Keyboard.cpp
  Matrix4.cpp
  MD5Anim.cpp
  MD5FileData.cpp
  MD5Mesh.cpp
  MD5Node.cpp
  Mesh.cpp
c:\users\b7067634\projects\csc8502-advancedgraphicsforgames\nclgl\mesh.cpp(112): warning C4018: '<': signed/unsigned mismatch
  Mouse.cpp
  OBJMesh.cpp
  OGLRenderer.cpp
  Quaternion.cpp
  Shader.cpp
  Window.cpp
  Generating Code...
MD5Node.obj : warning LNK4221: This object file does not define any previously undefined public symbols, so it will not be used by any link operation that consumes this library
MD5Mesh.obj : warning LNK4221: This object file does not define any previously undefined public symbols, so it will not be used by any link operation that consumes this library
MD5FileData.obj : warning LNK4221: This object file does not define any previously undefined public symbols, so it will not be used by any link operation that consumes this library
MD5Anim.obj : warning LNK4221: This object file does not define any previously undefined public symbols, so it will not be used by any link operation that consumes this library
  nclgl.vcxproj -> C:\Users\b7067634\Projects\CSC8502-AdvancedGraphicsForGames\Graphics For Games\Debug\nclgl.lib
